<?xml version="1.0" encoding="UTF-8"?>
<coverage generated="1576432440">
  <project timestamp="1576432440">
    <file name="C:\xampp\htdocs\codeigniter-iii-ultimate\application\controllers\Welcome.php">
      <class name="Welcome" namespace="global">
        <metrics complexity="1" methods="1" coveredmethods="1" conditionals="0" coveredconditionals="0" statements="2" coveredstatements="2" elements="3" coveredelements="3"/>
      </class>
      <line num="21" type="method" name="index" visibility="public" complexity="1" crap="1" count="1"/>
      <line num="23" type="stmt" count="1"/>
      <line num="24" type="stmt" count="1"/>
      <metrics loc="25" ncloc="10" classes="1" methods="1" coveredmethods="1" conditionals="0" coveredconditionals="0" statements="2" coveredstatements="2" elements="3" coveredelements="3"/>
    </file>
    <file name="C:\xampp\htdocs\codeigniter-iii-ultimate\application\views\errors\cli\error_404.php">
      <line num="2" type="stmt" count="0"/>
      <line num="4" type="stmt" count="0"/>
      <line num="5" type="stmt" count="0"/>
      <line num="6" type="stmt" count="0"/>
      <line num="7" type="stmt" count="0"/>
      <line num="8" type="stmt" count="0"/>
      <metrics loc="7" ncloc="7" classes="0" methods="0" coveredmethods="0" conditionals="0" coveredconditionals="0" statements="5" coveredstatements="0" elements="5" coveredelements="0"/>
    </file>
    <file name="C:\xampp\htdocs\codeigniter-iii-ultimate\application\views\errors\cli\error_db.php">
      <line num="2" type="stmt" count="0"/>
      <line num="4" type="stmt" count="0"/>
      <line num="5" type="stmt" count="0"/>
      <line num="6" type="stmt" count="0"/>
      <line num="7" type="stmt" count="0"/>
      <line num="8" type="stmt" count="0"/>
      <metrics loc="7" ncloc="7" classes="0" methods="0" coveredmethods="0" conditionals="0" coveredconditionals="0" statements="5" coveredstatements="0" elements="5" coveredelements="0"/>
    </file>
    <file name="C:\xampp\htdocs\codeigniter-iii-ultimate\application\views\errors\cli\error_exception.php">
      <line num="3" type="stmt" count="0"/>
      <line num="12" type="stmt" count="0"/>
      <metrics loc="21" ncloc="21" classes="0" methods="0" coveredmethods="0" conditionals="0" coveredconditionals="0" statements="2" coveredstatements="0" elements="2" coveredelements="0"/>
    </file>
    <file name="C:\xampp\htdocs\codeigniter-iii-ultimate\application\views\errors\cli\error_general.php">
      <line num="2" type="stmt" count="0"/>
      <line num="4" type="stmt" count="0"/>
      <line num="5" type="stmt" count="0"/>
      <line num="6" type="stmt" count="0"/>
      <line num="7" type="stmt" count="0"/>
      <line num="8" type="stmt" count="0"/>
      <metrics loc="7" ncloc="7" classes="0" methods="0" coveredmethods="0" conditionals="0" coveredconditionals="0" statements="5" coveredstatements="0" elements="5" coveredelements="0"/>
    </file>
    <file name="C:\xampp\htdocs\codeigniter-iii-ultimate\application\views\errors\cli\error_php.php">
      <line num="3" type="stmt" count="0"/>
      <line num="12" type="stmt" count="0"/>
      <metrics loc="21" ncloc="21" classes="0" methods="0" coveredmethods="0" conditionals="0" coveredconditionals="0" statements="2" coveredstatements="0" elements="2" coveredelements="0"/>
    </file>
    <file name="C:\xampp\htdocs\codeigniter-iii-ultimate\application\views\errors\html\error_404.php">
      <line num="2" type="stmt" count="0"/>
      <line num="4" type="stmt" count="0"/>
      <line num="5" type="stmt" count="0"/>
      <line num="6" type="stmt" count="0"/>
      <line num="7" type="stmt" count="0"/>
      <line num="8" type="stmt" count="0"/>
      <line num="10" type="stmt" count="0"/>
      <line num="11" type="stmt" count="0"/>
      <line num="13" type="stmt" count="0"/>
      <line num="14" type="stmt" count="0"/>
      <line num="15" type="stmt" count="0"/>
      <line num="16" type="stmt" count="0"/>
      <line num="17" type="stmt" count="0"/>
      <line num="18" type="stmt" count="0"/>
      <line num="20" type="stmt" count="0"/>
      <line num="21" type="stmt" count="0"/>
      <line num="22" type="stmt" count="0"/>
      <line num="23" type="stmt" count="0"/>
      <line num="24" type="stmt" count="0"/>
      <line num="26" type="stmt" count="0"/>
      <line num="27" type="stmt" count="0"/>
      <line num="28" type="stmt" count="0"/>
      <line num="29" type="stmt" count="0"/>
      <line num="30" type="stmt" count="0"/>
      <line num="31" type="stmt" count="0"/>
      <line num="32" type="stmt" count="0"/>
      <line num="33" type="stmt" count="0"/>
      <line num="34" type="stmt" count="0"/>
      <line num="36" type="stmt" count="0"/>
      <line num="37" type="stmt" count="0"/>
      <line num="38" type="stmt" count="0"/>
      <line num="39" type="stmt" count="0"/>
      <line num="40" type="stmt" count="0"/>
      <line num="41" type="stmt" count="0"/>
      <line num="42" type="stmt" count="0"/>
      <line num="43" type="stmt" count="0"/>
      <line num="44" type="stmt" count="0"/>
      <line num="45" type="stmt" count="0"/>
      <line num="47" type="stmt" count="0"/>
      <line num="48" type="stmt" count="0"/>
      <line num="49" type="stmt" count="0"/>
      <line num="50" type="stmt" count="0"/>
      <line num="51" type="stmt" count="0"/>
      <line num="53" type="stmt" count="0"/>
      <line num="54" type="stmt" count="0"/>
      <line num="55" type="stmt" count="0"/>
      <line num="56" type="stmt" count="0"/>
      <line num="57" type="stmt" count="0"/>
      <line num="58" type="stmt" count="0"/>
      <line num="59" type="stmt" count="0"/>
      <line num="62" type="stmt" count="0"/>
      <line num="63" type="stmt" count="0"/>
      <line num="64" type="stmt" count="0"/>
      <metrics loc="63" ncloc="63" classes="0" methods="0" coveredmethods="0" conditionals="0" coveredconditionals="0" statements="52" coveredstatements="0" elements="52" coveredelements="0"/>
    </file>
    <file name="C:\xampp\htdocs\codeigniter-iii-ultimate\application\views\errors\html\error_db.php">
      <line num="2" type="stmt" count="0"/>
      <line num="4" type="stmt" count="0"/>
      <line num="5" type="stmt" count="0"/>
      <line num="6" type="stmt" count="0"/>
      <line num="7" type="stmt" count="0"/>
      <line num="8" type="stmt" count="0"/>
      <line num="10" type="stmt" count="0"/>
      <line num="11" type="stmt" count="0"/>
      <line num="13" type="stmt" count="0"/>
      <line num="14" type="stmt" count="0"/>
      <line num="15" type="stmt" count="0"/>
      <line num="16" type="stmt" count="0"/>
      <line num="17" type="stmt" count="0"/>
      <line num="18" type="stmt" count="0"/>
      <line num="20" type="stmt" count="0"/>
      <line num="21" type="stmt" count="0"/>
      <line num="22" type="stmt" count="0"/>
      <line num="23" type="stmt" count="0"/>
      <line num="24" type="stmt" count="0"/>
      <line num="26" type="stmt" count="0"/>
      <line num="27" type="stmt" count="0"/>
      <line num="28" type="stmt" count="0"/>
      <line num="29" type="stmt" count="0"/>
      <line num="30" type="stmt" count="0"/>
      <line num="31" type="stmt" count="0"/>
      <line num="32" type="stmt" count="0"/>
      <line num="33" type="stmt" count="0"/>
      <line num="34" type="stmt" count="0"/>
      <line num="36" type="stmt" count="0"/>
      <line num="37" type="stmt" count="0"/>
      <line num="38" type="stmt" count="0"/>
      <line num="39" type="stmt" count="0"/>
      <line num="40" type="stmt" count="0"/>
      <line num="41" type="stmt" count="0"/>
      <line num="42" type="stmt" count="0"/>
      <line num="43" type="stmt" count="0"/>
      <line num="44" type="stmt" count="0"/>
      <line num="45" type="stmt" count="0"/>
      <line num="47" type="stmt" count="0"/>
      <line num="48" type="stmt" count="0"/>
      <line num="49" type="stmt" count="0"/>
      <line num="50" type="stmt" count="0"/>
      <line num="51" type="stmt" count="0"/>
      <line num="53" type="stmt" count="0"/>
      <line num="54" type="stmt" count="0"/>
      <line num="55" type="stmt" count="0"/>
      <line num="56" type="stmt" count="0"/>
      <line num="57" type="stmt" count="0"/>
      <line num="58" type="stmt" count="0"/>
      <line num="59" type="stmt" count="0"/>
      <line num="62" type="stmt" count="0"/>
      <line num="63" type="stmt" count="0"/>
      <line num="64" type="stmt" count="0"/>
      <metrics loc="63" ncloc="63" classes="0" methods="0" coveredmethods="0" conditionals="0" coveredconditionals="0" statements="52" coveredstatements="0" elements="52" coveredelements="0"/>
    </file>
    <file name="C:\xampp\htdocs\codeigniter-iii-ultimate\application\views\errors\html\error_exception.php">
      <line num="2" type="stmt" count="0"/>
      <line num="5" type="stmt" count="0"/>
      <line num="7" type="stmt" count="0"/>
      <line num="16" type="stmt" count="0"/>
      <line num="21" type="stmt" count="0"/>
      <line num="25" type="stmt" count="0"/>
      <line num="32" type="stmt" count="0"/>
      <metrics loc="31" ncloc="31" classes="0" methods="0" coveredmethods="0" conditionals="0" coveredconditionals="0" statements="6" coveredstatements="0" elements="6" coveredelements="0"/>
    </file>
    <file name="C:\xampp\htdocs\codeigniter-iii-ultimate\application\views\errors\html\error_general.php">
      <line num="2" type="stmt" count="0"/>
      <line num="4" type="stmt" count="0"/>
      <line num="5" type="stmt" count="0"/>
      <line num="6" type="stmt" count="0"/>
      <line num="7" type="stmt" count="0"/>
      <line num="8" type="stmt" count="0"/>
      <line num="10" type="stmt" count="0"/>
      <line num="11" type="stmt" count="0"/>
      <line num="13" type="stmt" count="0"/>
      <line num="14" type="stmt" count="0"/>
      <line num="15" type="stmt" count="0"/>
      <line num="16" type="stmt" count="0"/>
      <line num="17" type="stmt" count="0"/>
      <line num="18" type="stmt" count="0"/>
      <line num="20" type="stmt" count="0"/>
      <line num="21" type="stmt" count="0"/>
      <line num="22" type="stmt" count="0"/>
      <line num="23" type="stmt" count="0"/>
      <line num="24" type="stmt" count="0"/>
      <line num="26" type="stmt" count="0"/>
      <line num="27" type="stmt" count="0"/>
      <line num="28" type="stmt" count="0"/>
      <line num="29" type="stmt" count="0"/>
      <line num="30" type="stmt" count="0"/>
      <line num="31" type="stmt" count="0"/>
      <line num="32" type="stmt" count="0"/>
      <line num="33" type="stmt" count="0"/>
      <line num="34" type="stmt" count="0"/>
      <line num="36" type="stmt" count="0"/>
      <line num="37" type="stmt" count="0"/>
      <line num="38" type="stmt" count="0"/>
      <line num="39" type="stmt" count="0"/>
      <line num="40" type="stmt" count="0"/>
      <line num="41" type="stmt" count="0"/>
      <line num="42" type="stmt" count="0"/>
      <line num="43" type="stmt" count="0"/>
      <line num="44" type="stmt" count="0"/>
      <line num="45" type="stmt" count="0"/>
      <line num="47" type="stmt" count="0"/>
      <line num="48" type="stmt" count="0"/>
      <line num="49" type="stmt" count="0"/>
      <line num="50" type="stmt" count="0"/>
      <line num="51" type="stmt" count="0"/>
      <line num="53" type="stmt" count="0"/>
      <line num="54" type="stmt" count="0"/>
      <line num="55" type="stmt" count="0"/>
      <line num="56" type="stmt" count="0"/>
      <line num="57" type="stmt" count="0"/>
      <line num="58" type="stmt" count="0"/>
      <line num="59" type="stmt" count="0"/>
      <line num="62" type="stmt" count="0"/>
      <line num="63" type="stmt" count="0"/>
      <line num="64" type="stmt" count="0"/>
      <metrics loc="63" ncloc="63" classes="0" methods="0" coveredmethods="0" conditionals="0" coveredconditionals="0" statements="52" coveredstatements="0" elements="52" coveredelements="0"/>
    </file>
    <file name="C:\xampp\htdocs\codeigniter-iii-ultimate\application\views\errors\html\error_php.php">
      <line num="2" type="stmt" count="0"/>
      <line num="5" type="stmt" count="0"/>
      <line num="7" type="stmt" count="0"/>
      <line num="16" type="stmt" count="0"/>
      <line num="21" type="stmt" count="0"/>
      <line num="25" type="stmt" count="0"/>
      <line num="33" type="stmt" count="0"/>
      <metrics loc="32" ncloc="32" classes="0" methods="0" coveredmethods="0" conditionals="0" coveredconditionals="0" statements="6" coveredstatements="0" elements="6" coveredelements="0"/>
    </file>
    <file name="C:\xampp\htdocs\codeigniter-iii-ultimate\application\views\welcome_message.php">
      <line num="89" type="stmt" count="1"/>
      <metrics loc="88" ncloc="88" classes="0" methods="0" coveredmethods="0" conditionals="0" coveredconditionals="0" statements="0" coveredstatements="0" elements="0" coveredelements="0"/>
    </file>
    <metrics files="12" loc="428" ncloc="413" classes="1" methods="1" coveredmethods="1" conditionals="0" coveredconditionals="0" statements="189" coveredstatements="2" elements="190" coveredelements="3"/>
  </project>
</coverage>
